{"level":"info","message":"Redis connected","timestamp":"2026-04-20T09:40:27.244Z"}
{"level":"info","message":"🚀 Enterprise Server running on http://localhost:5001","timestamp":"2026-04-20T09:40:27.272Z"}
{"level":"info","message":"📡 API available at http://localhost:5001/api in development mode","timestamp":"2026-04-20T09:40:27.273Z"}
{"level":"info","message":"Redis connected","timestamp":"2026-04-20T09:40:28.553Z"}
{"level":"info","message":"🚀 Enterprise Server running on http://localhost:5001","timestamp":"2026-04-20T09:40:28.575Z"}
{"level":"info","message":"📡 API available at http://localhost:5001/api in development mode","timestamp":"2026-04-20T09:40:28.575Z"}
{"level":"info","message":"Redis connected","timestamp":"2026-04-20T09:43:41.557Z"}
{"level":"info","message":"🚀 Enterprise Server running on http://localhost:5001","timestamp":"2026-04-20T09:43:41.577Z"}
{"level":"info","message":"📡 API available at http://localhost:5001/api in development mode","timestamp":"2026-04-20T09:43:41.577Z"}
{"level":"info","message":"Redis connected","timestamp":"2026-04-20T09:48:31.710Z"}
{"level":"info","message":"🚀 Enterprise Server running on http://localhost:5001","timestamp":"2026-04-20T09:48:31.732Z"}
{"level":"info","message":"📡 API available at http://localhost:5001/api in development mode","timestamp":"2026-04-20T09:48:31.733Z"}
{"level":"info","message":"Redis connected","timestamp":"2026-04-20T09:49:49.999Z"}
{"level":"info","message":"🚀 Enterprise Server running on http://localhost:5001","timestamp":"2026-04-20T09:49:50.027Z"}
{"level":"info","message":"📡 API available at http://localhost:5001/api in development mode","timestamp":"2026-04-20T09:49:50.027Z"}
{"level":"info","message":"Redis connected","timestamp":"2026-04-20T09:56:08.819Z"}
{"level":"info","message":"🚀 Enterprise Server running on http://localhost:5001","timestamp":"2026-04-20T09:56:08.841Z"}
{"level":"info","message":"📡 API available at http://localhost:5001/api in development mode","timestamp":"2026-04-20T09:56:08.841Z"}
{"level":"info","message":"Redis connected","timestamp":"2026-04-20T09:56:19.833Z"}
{"level":"info","message":"🚀 Enterprise Server running on http://localhost:5001","timestamp":"2026-04-20T09:56:19.855Z"}
{"level":"info","message":"📡 API available at http://localhost:5001/api in development mode","timestamp":"2026-04-20T09:56:19.856Z"}
{"level":"info","message":"Redis connected","timestamp":"2026-04-20T10:05:02.204Z"}
{"level":"info","message":"🚀 Enterprise Server running on http://localhost:5001","timestamp":"2026-04-20T10:05:02.229Z"}
{"level":"info","message":"📡 API available at http://localhost:5001/api in development mode","timestamp":"2026-04-20T10:05:02.230Z"}
{"level":"info","message":"Redis connected","timestamp":"2026-04-20T10:05:33.081Z"}
{"level":"info","message":"🚀 Enterprise Server running on http://localhost:5001","timestamp":"2026-04-20T10:05:33.107Z"}
{"level":"info","message":"📡 API available at http://localhost:5001/api in development mode","timestamp":"2026-04-20T10:05:33.108Z"}
{"level":"info","message":"Redis connected","timestamp":"2026-04-20T10:05:42.134Z"}
{"level":"info","message":"🚀 Enterprise Server running on http://localhost:5001","timestamp":"2026-04-20T10:05:42.154Z"}
{"level":"info","message":"📡 API available at http://localhost:5001/api in development mode","timestamp":"2026-04-20T10:05:42.155Z"}
{"level":"info","message":"Redis connected","timestamp":"2026-04-20T10:08:20.173Z"}
{"level":"info","message":"🚀 Enterprise Server running on http://localhost:5001","timestamp":"2026-04-20T10:08:20.191Z"}
{"level":"info","message":"📡 API available at http://localhost:5001/api in development mode","timestamp":"2026-04-20T10:08:20.191Z"}
{"level":"info","message":"Redis connected","timestamp":"2026-04-20T10:08:51.575Z"}
{"level":"info","message":"🚀 Enterprise Server running on http://localhost:5001","timestamp":"2026-04-20T10:08:51.594Z"}
{"level":"info","message":"📡 API available at http://localhost:5001/api in development mode","timestamp":"2026-04-20T10:08:51.594Z"}
{"level":"info","message":"Redis connected","timestamp":"2026-04-20T10:10:42.563Z"}
{"level":"info","message":"🚀 Enterprise Server running on http://localhost:5001","timestamp":"2026-04-20T10:10:42.585Z"}
{"level":"info","message":"📡 API available at http://localhost:5001/api in development mode","timestamp":"2026-04-20T10:10:42.585Z"}
{"level":"info","message":"Redis connected","timestamp":"2026-04-20T10:26:59.188Z"}
{"level":"info","message":"🚀 Enterprise Server running on http://localhost:5001","timestamp":"2026-04-20T10:26:59.210Z"}
{"level":"info","message":"📡 API available at http://localhost:5001/api in development mode","timestamp":"2026-04-20T10:26:59.211Z"}
{"level":"info","message":"Redis connected","timestamp":"2026-04-20T10:27:33.763Z"}
{"level":"info","message":"🚀 Enterprise Server running on http://localhost:5001","timestamp":"2026-04-20T10:27:33.789Z"}
{"level":"info","message":"📡 API available at http://localhost:5001/api in development mode","timestamp":"2026-04-20T10:27:33.790Z"}
{"level":"info","message":"Redis connected","timestamp":"2026-04-20T10:28:05.701Z"}
{"level":"info","message":"🚀 Enterprise Server running on http://localhost:5001","timestamp":"2026-04-20T10:28:05.718Z"}
{"level":"info","message":"📡 API available at http://localhost:5001/api in development mode","timestamp":"2026-04-20T10:28:05.718Z"}
{"level":"info","message":"Redis connected","timestamp":"2026-04-20T10:28:08.361Z"}
{"level":"info","message":"Redis connected","timestamp":"2026-04-20T10:28:08.501Z"}
{"level":"info","message":"Redis connected","timestamp":"2026-04-20T10:28:08.675Z"}
{"level":"info","message":"Redis connected","timestamp":"2026-04-20T10:28:08.909Z"}
{"level":"info","message":"Redis connected","timestamp":"2026-04-20T10:28:10.202Z"}
{"level":"info","message":"Redis connected","timestamp":"2026-04-20T10:35:11.928Z"}
{"level":"info","message":"🚀 Enterprise Server running on http://localhost:5001","timestamp":"2026-04-20T10:35:11.947Z"}
{"level":"info","message":"📡 API available at http://localhost:5001/api in development mode","timestamp":"2026-04-20T10:35:11.947Z"}
{"level":"info","message":"Redis connected","timestamp":"2026-04-20T10:40:41.698Z"}
{"level":"info","message":"🚀 Enterprise Server running on http://localhost:5001","timestamp":"2026-04-20T10:40:41.715Z"}
{"level":"info","message":"📡 API available at http://localhost:5001/api in development mode","timestamp":"2026-04-20T10:40:41.715Z"}
{"level":"info","message":"Redis connected","timestamp":"2026-04-20T11:01:37.922Z"}
{"level":"info","message":"🚀 Enterprise Server running on http://localhost:5001","timestamp":"2026-04-20T11:01:37.969Z"}
{"level":"info","message":"📡 API available at http://localhost:5001/api in development mode","timestamp":"2026-04-20T11:01:37.971Z"}
{"level":"info","message":"Redis connected","timestamp":"2026-04-20T11:09:33.018Z"}
{"level":"info","message":"🚀 Enterprise Server running on http://localhost:5001","timestamp":"2026-04-20T11:09:33.041Z"}
{"level":"info","message":"📡 API available at http://localhost:5001/api in development mode","timestamp":"2026-04-20T11:09:33.041Z"}
{"level":"info","message":"Redis connected","timestamp":"2026-04-20T11:35:44.820Z"}
{"level":"info","message":"🚀 Enterprise Server running on http://localhost:5001","timestamp":"2026-04-20T11:35:44.847Z"}
{"level":"info","message":"📡 API available at http://localhost:5001/api in development mode","timestamp":"2026-04-20T11:35:44.847Z"}
{"level":"info","message":"Redis connected","timestamp":"2026-04-20T11:37:39.968Z"}
{"level":"info","message":"🚀 Enterprise Server running on http://localhost:5001","timestamp":"2026-04-20T11:37:39.982Z"}
{"level":"info","message":"📡 API available at http://localhost:5001/api in development mode","timestamp":"2026-04-20T11:37:39.982Z"}
{"level":"info","message":"Redis connected","timestamp":"2026-04-20T11:37:57.800Z"}
{"level":"info","message":"🚀 Enterprise Server running on http://localhost:5001","timestamp":"2026-04-20T11:37:57.814Z"}
{"level":"info","message":"📡 API available at http://localhost:5001/api in development mode","timestamp":"2026-04-20T11:37:57.815Z"}
{"level":"info","message":"Redis connected","timestamp":"2026-04-20T11:41:48.737Z"}
{"level":"info","message":"🚀 Enterprise Server running on http://localhost:5001","timestamp":"2026-04-20T11:41:48.751Z"}
{"level":"info","message":"📡 API available at http://localhost:5001/api in development mode","timestamp":"2026-04-20T11:41:48.751Z"}
{"level":"info","message":"Redis connected","timestamp":"2026-04-20T11:41:49.818Z"}
{"level":"info","message":"🚀 Enterprise Server running on http://localhost:5001","timestamp":"2026-04-20T11:41:49.833Z"}
{"level":"info","message":"📡 API available at http://localhost:5001/api in development mode","timestamp":"2026-04-20T11:41:49.833Z"}
{"level":"info","message":"Redis connected","timestamp":"2026-04-20T12:33:33.239Z"}
{"level":"info","message":"🚀 Enterprise Server running on http://localhost:5001","timestamp":"2026-04-20T12:33:33.268Z"}
{"level":"info","message":"📡 API available at http://localhost:5001/api in development mode","timestamp":"2026-04-20T12:33:33.269Z"}
{"level":"info","message":"Redis connected","timestamp":"2026-04-20T12:45:59.603Z"}
{"level":"info","message":"🚀 Enterprise Server running on http://localhost:5001","timestamp":"2026-04-20T12:45:59.618Z"}
{"level":"info","message":"📡 API available at http://localhost:5001/api in development mode","timestamp":"2026-04-20T12:45:59.619Z"}
{"level":"info","message":"Redis connected","timestamp":"2026-04-20T12:47:36.485Z"}
{"level":"info","message":"🚀 Enterprise Server running on http://localhost:5001","timestamp":"2026-04-20T12:47:36.504Z"}
{"level":"info","message":"📡 API available at http://localhost:5001/api in development mode","timestamp":"2026-04-20T12:47:36.505Z"}
{"level":"info","message":"Redis connected","timestamp":"2026-04-20T12:47:48.382Z"}
{"level":"info","message":"🚀 Enterprise Server running on http://localhost:5001","timestamp":"2026-04-20T12:47:48.398Z"}
{"level":"info","message":"📡 API available at http://localhost:5001/api in development mode","timestamp":"2026-04-20T12:47:48.399Z"}
{"code":"ECONNREFUSED","level":"error","message":"Redis connection error:","stack":"AggregateError [ECONNREFUSED]: \n    at internalConnectMultiple (node:net:1142:49)\n    at afterConnectMultiple (node:net:1723:7)","timestamp":"2026-04-20T17:34:23.488Z"}
{"level":"info","message":"🚀 Enterprise Server running on http://localhost:5001","timestamp":"2026-04-20T17:34:23.501Z"}
{"level":"info","message":"📡 API available at http://localhost:5001/api in development mode","timestamp":"2026-04-20T17:34:23.501Z"}
{"code":"ECONNREFUSED","level":"error","message":"Redis connection error:","stack":"AggregateError [ECONNREFUSED]: \n    at internalConnectMultiple (node:net:1142:49)\n    at afterConnectMultiple (node:net:1723:7)","timestamp":"2026-04-20T17:34:23.555Z"}
{"code":"ECONNREFUSED","level":"error","message":"Redis connection error:","stack":"AggregateError [ECONNREFUSED]: \n    at internalConnectMultiple (node:net:1142:49)\n    at afterConnectMultiple (node:net:1723:7)","timestamp":"2026-04-20T17:34:24.796Z"}
{"level":"info","message":"🚀 Enterprise Server running on http://localhost:5001","timestamp":"2026-04-20T17:34:24.809Z"}
{"level":"info","message":"📡 API available at http://localhost:5001/api in development mode","timestamp":"2026-04-20T17:34:24.810Z"}
{"code":"ECONNREFUSED","level":"error","message":"Redis connection error:","stack":"AggregateError [ECONNREFUSED]: \n    at internalConnectMultiple (node:net:1142:49)\n    at afterConnectMultiple (node:net:1723:7)","timestamp":"2026-04-20T17:34:24.861Z"}
{"code":"ECONNREFUSED","level":"error","message":"Redis connection error:","stack":"AggregateError [ECONNREFUSED]: \n    at internalConnectMultiple (node:net:1142:49)\n    at afterConnectMultiple (node:net:1723:7)","timestamp":"2026-04-20T17:34:24.970Z"}
{"code":"ECONNREFUSED","level":"error","message":"Redis connection error:","stack":"AggregateError [ECONNREFUSED]: \n    at internalConnectMultiple (node:net:1142:49)\n    at afterConnectMultiple (node:net:1723:7)","timestamp":"2026-04-20T17:34:25.142Z"}
{"code":"ECONNREFUSED","level":"error","message":"Redis connection error:","stack":"AggregateError [ECONNREFUSED]: \n    at internalConnectMultiple (node:net:1142:49)\n    at afterConnectMultiple (node:net:1723:7)","timestamp":"2026-04-20T17:34:25.355Z"}
{"code":"ECONNREFUSED","level":"error","message":"Redis connection error:","stack":"AggregateError [ECONNREFUSED]: \n    at internalConnectMultiple (node:net:1142:49)\n    at afterConnectMultiple (node:net:1723:7)","timestamp":"2026-04-20T17:34:25.623Z"}
{"code":"ECONNREFUSED","level":"error","message":"Redis connection error:","stack":"AggregateError [ECONNREFUSED]: \n    at internalConnectMultiple (node:net:1142:49)\n    at afterConnectMultiple (node:net:1723:7)","timestamp":"2026-04-20T17:34:25.932Z"}
{"code":"ECONNREFUSED","level":"error","message":"Redis connection error:","stack":"AggregateError [ECONNREFUSED]: \n    at internalConnectMultiple (node:net:1142:49)\n    at afterConnectMultiple (node:net:1723:7)","timestamp":"2026-04-20T17:34:26.290Z"}
{"code":"ECONNREFUSED","level":"error","message":"Redis connection error:","stack":"AggregateError [ECONNREFUSED]: \n    at internalConnectMultiple (node:net:1142:49)\n    at afterConnectMultiple (node:net:1723:7)","timestamp":"2026-04-20T17:34:26.708Z"}
{"code":"ECONNREFUSED","level":"error","message":"Redis connection error:","stack":"AggregateError [ECONNREFUSED]: \n    at internalConnectMultiple (node:net:1142:49)\n    at afterConnectMultiple (node:net:1723:7)","timestamp":"2026-04-20T17:34:27.171Z"}
{"code":"ECONNREFUSED","level":"error","message":"Redis connection error:","stack":"AggregateError [ECONNREFUSED]: \n    at internalConnectMultiple (node:net:1142:49)\n    at afterConnectMultiple (node:net:1723:7)","timestamp":"2026-04-20T17:34:27.683Z"}
{"code":"ECONNREFUSED","level":"error","message":"Redis connection error:","stack":"AggregateError [ECONNREFUSED]: \n    at internalConnectMultiple (node:net:1142:49)\n    at afterConnectMultiple (node:net:1723:7)","timestamp":"2026-04-20T17:34:28.243Z"}
{"code":"ECONNREFUSED","level":"error","message":"Redis connection error:","stack":"AggregateError [ECONNREFUSED]: \n    at internalConnectMultiple (node:net:1142:49)\n    at afterConnectMultiple (node:net:1723:7)","timestamp":"2026-04-20T17:34:28.849Z"}
{"code":"ECONNREFUSED","level":"error","message":"Redis connection error:","stack":"AggregateError [ECONNREFUSED]: \n    at internalConnectMultiple (node:net:1142:49)\n    at afterConnectMultiple (node:net:1723:7)","timestamp":"2026-04-20T17:34:29.519Z"}
{"code":"ECONNREFUSED","level":"error","message":"Redis connection error:","stack":"AggregateError [ECONNREFUSED]: \n    at internalConnectMultiple (node:net:1142:49)\n    at afterConnectMultiple (node:net:1723:7)","timestamp":"2026-04-20T17:34:30.235Z"}
{"code":"ECONNREFUSED","level":"error","message":"Redis connection error:","stack":"AggregateError [ECONNREFUSED]: \n    at internalConnectMultiple (node:net:1142:49)\n    at afterConnectMultiple (node:net:1723:7)","timestamp":"2026-04-20T17:34:30.995Z"}
{"code":"ECONNREFUSED","level":"error","message":"Redis connection error:","stack":"AggregateError [ECONNREFUSED]: \n    at internalConnectMultiple (node:net:1142:49)\n    at afterConnectMultiple (node:net:1723:7)","timestamp":"2026-04-20T17:34:31.803Z"}
{"code":"ECONNREFUSED","level":"error","message":"Redis connection error:","stack":"AggregateError [ECONNREFUSED]: \n    at internalConnectMultiple (node:net:1142:49)\n    at afterConnectMultiple (node:net:1723:7)","timestamp":"2026-04-20T17:34:32.670Z"}
{"code":"ECONNREFUSED","level":"error","message":"Redis connection error:","stack":"AggregateError [ECONNREFUSED]: \n    at internalConnectMultiple (node:net:1142:49)\n    at afterConnectMultiple (node:net:1723:7)","timestamp":"2026-04-20T17:34:33.583Z"}
{"code":"ECONNREFUSED","level":"error","message":"Redis connection error:","stack":"AggregateError [ECONNREFUSED]: \n    at internalConnectMultiple (node:net:1142:49)\n    at afterConnectMultiple (node:net:1723:7)","timestamp":"2026-04-20T17:34:34.549Z"}
{"code":"ECONNREFUSED","level":"error","message":"Redis connection error:","stack":"AggregateError [ECONNREFUSED]: \n    at internalConnectMultiple (node:net:1142:49)\n    at afterConnectMultiple (node:net:1723:7)","timestamp":"2026-04-20T17:34:35.559Z"}
{"code":"ECONNREFUSED","level":"error","message":"Redis connection error:","stack":"AggregateError [ECONNREFUSED]: \n    at internalConnectMultiple (node:net:1142:49)\n    at afterConnectMultiple (node:net:1723:7)","timestamp":"2026-04-20T17:34:36.628Z"}
{"code":"ECONNREFUSED","level":"error","message":"Redis connection error:","stack":"AggregateError [ECONNREFUSED]: \n    at internalConnectMultiple (node:net:1142:49)\n    at afterConnectMultiple (node:net:1723:7)","timestamp":"2026-04-20T17:34:37.743Z"}
{"code":"ECONNREFUSED","level":"error","message":"Redis connection error:","stack":"AggregateError [ECONNREFUSED]: \n    at internalConnectMultiple (node:net:1142:49)\n    at afterConnectMultiple (node:net:1723:7)","timestamp":"2026-04-20T17:34:38.912Z"}
{"code":"ECONNREFUSED","level":"error","message":"Redis connection error:","stack":"AggregateError [ECONNREFUSED]: \n    at internalConnectMultiple (node:net:1142:49)\n    at afterConnectMultiple (node:net:1723:7)","timestamp":"2026-04-20T17:34:40.122Z"}
{"code":"ECONNREFUSED","level":"error","message":"Redis connection error:","stack":"AggregateError [ECONNREFUSED]: \n    at internalConnectMultiple (node:net:1142:49)\n    at afterConnectMultiple (node:net:1723:7)","timestamp":"2026-04-20T17:34:41.393Z"}
{"code":"ECONNREFUSED","level":"error","message":"Redis connection error:","stack":"AggregateError [ECONNREFUSED]: \n    at internalConnectMultiple (node:net:1142:49)\n    at afterConnectMultiple (node:net:1723:7)","timestamp":"2026-04-20T17:34:42.708Z"}
{"code":"ECONNREFUSED","level":"error","message":"Redis connection error:","stack":"AggregateError [ECONNREFUSED]: \n    at internalConnectMultiple (node:net:1142:49)\n    at afterConnectMultiple (node:net:1723:7)","timestamp":"2026-04-20T17:34:44.074Z"}
{"code":"ECONNREFUSED","level":"error","message":"Redis connection error:","stack":"AggregateError [ECONNREFUSED]: \n    at internalConnectMultiple (node:net:1142:49)\n    at afterConnectMultiple (node:net:1723:7)","timestamp":"2026-04-20T17:34:45.485Z"}
{"code":"ECONNREFUSED","level":"error","message":"Redis connection error:","stack":"AggregateError [ECONNREFUSED]: \n    at internalConnectMultiple (node:net:1142:49)\n    at afterConnectMultiple (node:net:1723:7)","timestamp":"2026-04-20T17:34:46.943Z"}
{"code":"ECONNREFUSED","level":"error","message":"Redis connection error:","stack":"AggregateError [ECONNREFUSED]: \n    at internalConnectMultiple (node:net:1142:49)\n    at afterConnectMultiple (node:net:1723:7)","timestamp":"2026-04-20T17:34:48.451Z"}
{"code":"ECONNREFUSED","level":"error","message":"Redis connection error:","stack":"AggregateError [ECONNREFUSED]: \n    at internalConnectMultiple (node:net:1142:49)\n    at afterConnectMultiple (node:net:1723:7)","timestamp":"2026-04-20T17:34:50.020Z"}
{"code":"ECONNREFUSED","level":"error","message":"Redis connection error:","stack":"AggregateError [ECONNREFUSED]: \n    at internalConnectMultiple (node:net:1142:49)\n    at afterConnectMultiple (node:net:1723:7)","timestamp":"2026-04-20T17:34:51.635Z"}
{"code":"ECONNREFUSED","level":"error","message":"Redis connection error:","stack":"AggregateError [ECONNREFUSED]: \n    at internalConnectMultiple (node:net:1142:49)\n    at afterConnectMultiple (node:net:1723:7)","timestamp":"2026-04-20T17:34:53.295Z"}
{"code":"ECONNREFUSED","level":"error","message":"Redis connection error:","stack":"AggregateError [ECONNREFUSED]: \n    at internalConnectMultiple (node:net:1142:49)\n    at afterConnectMultiple (node:net:1723:7)","timestamp":"2026-04-20T17:34:55.013Z"}
{"code":"ECONNREFUSED","level":"error","message":"Redis connection error:","stack":"AggregateError [ECONNREFUSED]: \n    at internalConnectMultiple (node:net:1142:49)\n    at afterConnectMultiple (node:net:1723:7)","timestamp":"2026-04-20T17:34:56.781Z"}
{"code":"ECONNREFUSED","level":"error","message":"Redis connection error:","stack":"AggregateError [ECONNREFUSED]: \n    at internalConnectMultiple (node:net:1142:49)\n    at afterConnectMultiple (node:net:1723:7)","timestamp":"2026-04-20T17:34:58.599Z"}
{"code":"ECONNREFUSED","level":"error","message":"Redis connection error:","stack":"AggregateError [ECONNREFUSED]: \n    at internalConnectMultiple (node:net:1142:49)\n    at afterConnectMultiple (node:net:1723:7)","timestamp":"2026-04-20T17:35:00.452Z"}
{"code":"ECONNREFUSED","level":"error","message":"Redis connection error:","stack":"AggregateError [ECONNREFUSED]: \n    at internalConnectMultiple (node:net:1142:49)\n    at afterConnectMultiple (node:net:1723:7)","timestamp":"2026-04-20T17:35:02.368Z"}
{"code":"ECONNREFUSED","level":"error","message":"Redis connection error:","stack":"AggregateError [ECONNREFUSED]: \n    at internalConnectMultiple (node:net:1142:49)\n    at afterConnectMultiple (node:net:1723:7)","timestamp":"2026-04-20T17:35:04.332Z"}
{"code":"ECONNREFUSED","level":"error","message":"Redis connection error:","stack":"AggregateError [ECONNREFUSED]: \n    at internalConnectMultiple (node:net:1142:49)\n    at afterConnectMultiple (node:net:1723:7)","timestamp":"2026-04-20T17:35:06.347Z"}
{"code":"ECONNREFUSED","level":"error","message":"Redis connection error:","stack":"AggregateError [ECONNREFUSED]: \n    at internalConnectMultiple (node:net:1142:49)\n    at afterConnectMultiple (node:net:1723:7)","timestamp":"2026-04-20T17:35:08.366Z"}
{"code":"ECONNREFUSED","level":"error","message":"Redis connection error:","stack":"AggregateError [ECONNREFUSED]: \n    at internalConnectMultiple (node:net:1142:49)\n    at afterConnectMultiple (node:net:1723:7)","timestamp":"2026-04-20T17:35:10.383Z"}
{"code":"ECONNREFUSED","level":"error","message":"Redis connection error:","stack":"AggregateError [ECONNREFUSED]: \n    at internalConnectMultiple (node:net:1142:49)\n    at afterConnectMultiple (node:net:1723:7)","timestamp":"2026-04-20T17:35:12.401Z"}
{"code":"ECONNREFUSED","level":"error","message":"Redis connection error:","stack":"AggregateError [ECONNREFUSED]: \n    at internalConnectMultiple (node:net:1142:49)\n    at afterConnectMultiple (node:net:1723:7)","timestamp":"2026-04-20T17:35:14.410Z"}
{"code":"ECONNREFUSED","level":"error","message":"Redis connection error:","stack":"AggregateError [ECONNREFUSED]: \n    at internalConnectMultiple (node:net:1142:49)\n    at afterConnectMultiple (node:net:1723:7)","timestamp":"2026-04-20T17:35:16.414Z"}
{"code":"ECONNREFUSED","level":"error","message":"Redis connection error:","stack":"AggregateError [ECONNREFUSED]: \n    at internalConnectMultiple (node:net:1142:49)\n    at afterConnectMultiple (node:net:1723:7)","timestamp":"2026-04-20T17:35:18.418Z"}
{"code":"ECONNREFUSED","level":"error","message":"Redis connection error:","stack":"AggregateError [ECONNREFUSED]: \n    at internalConnectMultiple (node:net:1142:49)\n    at afterConnectMultiple (node:net:1723:7)","timestamp":"2026-04-20T17:35:20.424Z"}
{"code":"ECONNREFUSED","level":"error","message":"Redis connection error:","stack":"AggregateError [ECONNREFUSED]: \n    at internalConnectMultiple (node:net:1142:49)\n    at afterConnectMultiple (node:net:1723:7)","timestamp":"2026-04-20T17:35:22.439Z"}
{"code":"ECONNREFUSED","level":"error","message":"Redis connection error:","stack":"AggregateError [ECONNREFUSED]: \n    at internalConnectMultiple (node:net:1142:49)\n    at afterConnectMultiple (node:net:1723:7)","timestamp":"2026-04-20T17:35:24.456Z"}
{"code":"ECONNREFUSED","level":"error","message":"Redis connection error:","stack":"AggregateError [ECONNREFUSED]: \n    at internalConnectMultiple (node:net:1142:49)\n    at afterConnectMultiple (node:net:1723:7)","timestamp":"2026-04-20T17:35:26.474Z"}
{"code":"ECONNREFUSED","level":"error","message":"Redis connection error:","stack":"AggregateError [ECONNREFUSED]: \n    at internalConnectMultiple (node:net:1142:49)\n    at afterConnectMultiple (node:net:1723:7)","timestamp":"2026-04-20T17:35:28.488Z"}
{"code":"ECONNREFUSED","level":"error","message":"Redis connection error:","stack":"AggregateError [ECONNREFUSED]: \n    at internalConnectMultiple (node:net:1142:49)\n    at afterConnectMultiple (node:net:1723:7)","timestamp":"2026-04-20T17:35:30.493Z"}
{"code":"ECONNREFUSED","level":"error","message":"Redis connection error:","stack":"AggregateError [ECONNREFUSED]: \n    at internalConnectMultiple (node:net:1142:49)\n    at afterConnectMultiple (node:net:1723:7)","timestamp":"2026-04-20T17:35:32.503Z"}
{"code":"ECONNREFUSED","level":"error","message":"Redis connection error:","stack":"AggregateError [ECONNREFUSED]: \n    at internalConnectMultiple (node:net:1142:49)\n    at afterConnectMultiple (node:net:1723:7)","timestamp":"2026-04-20T17:35:34.515Z"}
{"code":"ECONNREFUSED","level":"error","message":"Redis connection error:","stack":"AggregateError [ECONNREFUSED]: \n    at internalConnectMultiple (node:net:1142:49)\n    at afterConnectMultiple (node:net:1723:7)","timestamp":"2026-04-20T17:35:36.534Z"}
{"code":"ECONNREFUSED","level":"error","message":"Redis connection error:","stack":"AggregateError [ECONNREFUSED]: \n    at internalConnectMultiple (node:net:1142:49)\n    at afterConnectMultiple (node:net:1723:7)","timestamp":"2026-04-20T17:35:38.555Z"}
{"code":"ECONNREFUSED","level":"error","message":"Redis connection error:","stack":"AggregateError [ECONNREFUSED]: \n    at internalConnectMultiple (node:net:1142:49)\n    at afterConnectMultiple (node:net:1723:7)","timestamp":"2026-04-20T17:35:40.563Z"}
{"code":"ECONNREFUSED","level":"error","message":"Redis connection error:","stack":"AggregateError [ECONNREFUSED]: \n    at internalConnectMultiple (node:net:1142:49)\n    at afterConnectMultiple (node:net:1723:7)","timestamp":"2026-04-20T17:35:42.573Z"}
{"code":"ECONNREFUSED","level":"error","message":"Redis connection error:","stack":"AggregateError [ECONNREFUSED]: \n    at internalConnectMultiple (node:net:1142:49)\n    at afterConnectMultiple (node:net:1723:7)","timestamp":"2026-04-20T17:35:44.588Z"}
{"code":"ECONNREFUSED","level":"error","message":"Redis connection error:","stack":"AggregateError [ECONNREFUSED]: \n    at internalConnectMultiple (node:net:1142:49)\n    at afterConnectMultiple (node:net:1723:7)","timestamp":"2026-04-20T17:35:46.605Z"}
{"code":"ECONNREFUSED","level":"error","message":"Redis connection error:","stack":"AggregateError [ECONNREFUSED]: \n    at internalConnectMultiple (node:net:1142:49)\n    at afterConnectMultiple (node:net:1723:7)","timestamp":"2026-04-20T17:35:48.619Z"}
{"code":"ECONNREFUSED","level":"error","message":"Redis connection error:","stack":"AggregateError [ECONNREFUSED]: \n    at internalConnectMultiple (node:net:1142:49)\n    at afterConnectMultiple (node:net:1723:7)","timestamp":"2026-04-20T17:35:50.636Z"}
{"code":"ECONNREFUSED","level":"error","message":"Redis connection error:","stack":"AggregateError [ECONNREFUSED]: \n    at internalConnectMultiple (node:net:1142:49)\n    at afterConnectMultiple (node:net:1723:7)","timestamp":"2026-04-20T17:35:52.646Z"}
{"code":"ECONNREFUSED","level":"error","message":"Redis connection error:","stack":"AggregateError [ECONNREFUSED]: \n    at internalConnectMultiple (node:net:1142:49)\n    at afterConnectMultiple (node:net:1723:7)","timestamp":"2026-04-20T17:35:54.656Z"}
{"code":"ECONNREFUSED","level":"error","message":"Redis connection error:","stack":"AggregateError [ECONNREFUSED]: \n    at internalConnectMultiple (node:net:1142:49)\n    at afterConnectMultiple (node:net:1723:7)","timestamp":"2026-04-20T17:35:56.666Z"}
{"code":"ECONNREFUSED","level":"error","message":"Redis connection error:","stack":"AggregateError [ECONNREFUSED]: \n    at internalConnectMultiple (node:net:1142:49)\n    at afterConnectMultiple (node:net:1723:7)","timestamp":"2026-04-20T17:35:58.682Z"}
{"code":"ECONNREFUSED","level":"error","message":"Redis connection error:","stack":"AggregateError [ECONNREFUSED]: \n    at internalConnectMultiple (node:net:1142:49)\n    at afterConnectMultiple (node:net:1723:7)","timestamp":"2026-04-20T17:36:00.689Z"}
{"code":"ECONNREFUSED","level":"error","message":"Redis connection error:","stack":"AggregateError [ECONNREFUSED]: \n    at internalConnectMultiple (node:net:1142:49)\n    at afterConnectMultiple (node:net:1723:7)","timestamp":"2026-04-20T17:36:02.699Z"}
{"code":"ECONNREFUSED","level":"error","message":"Redis connection error:","stack":"AggregateError [ECONNREFUSED]: \n    at internalConnectMultiple (node:net:1142:49)\n    at afterConnectMultiple (node:net:1723:7)","timestamp":"2026-04-20T17:36:04.719Z"}
{"code":"ECONNREFUSED","level":"error","message":"Redis connection error:","stack":"AggregateError [ECONNREFUSED]: \n    at internalConnectMultiple (node:net:1142:49)\n    at afterConnectMultiple (node:net:1723:7)","timestamp":"2026-04-20T17:36:06.730Z"}
{"code":"ECONNREFUSED","level":"error","message":"Redis connection error:","stack":"AggregateError [ECONNREFUSED]: \n    at internalConnectMultiple (node:net:1142:49)\n    at afterConnectMultiple (node:net:1723:7)","timestamp":"2026-04-20T17:36:08.739Z"}
{"code":"ECONNREFUSED","level":"error","message":"Redis connection error:","stack":"AggregateError [ECONNREFUSED]: \n    at internalConnectMultiple (node:net:1142:49)\n    at afterConnectMultiple (node:net:1723:7)","timestamp":"2026-04-20T17:36:10.755Z"}
{"code":"ECONNREFUSED","level":"error","message":"Redis connection error:","stack":"AggregateError [ECONNREFUSED]: \n    at internalConnectMultiple (node:net:1142:49)\n    at afterConnectMultiple (node:net:1723:7)","timestamp":"2026-04-20T17:36:12.774Z"}
{"code":"ECONNREFUSED","level":"error","message":"Redis connection error:","stack":"AggregateError [ECONNREFUSED]: \n    at internalConnectMultiple (node:net:1142:49)\n    at afterConnectMultiple (node:net:1723:7)","timestamp":"2026-04-20T17:36:14.777Z"}
{"code":"ECONNREFUSED","level":"error","message":"Redis connection error:","stack":"AggregateError [ECONNREFUSED]: \n    at internalConnectMultiple (node:net:1142:49)\n    at afterConnectMultiple (node:net:1723:7)","timestamp":"2026-04-20T17:36:16.785Z"}
{"code":"ECONNREFUSED","level":"error","message":"Redis connection error:","stack":"AggregateError [ECONNREFUSED]: \n    at internalConnectMultiple (node:net:1142:49)\n    at afterConnectMultiple (node:net:1723:7)","timestamp":"2026-04-20T17:36:18.804Z"}
{"code":"ECONNREFUSED","level":"error","message":"Redis connection error:","stack":"AggregateError [ECONNREFUSED]: \n    at internalConnectMultiple (node:net:1142:49)\n    at afterConnectMultiple (node:net:1723:7)","timestamp":"2026-04-20T17:36:20.812Z"}
{"code":"ECONNREFUSED","level":"error","message":"Redis connection error:","stack":"AggregateError [ECONNREFUSED]: \n    at internalConnectMultiple (node:net:1142:49)\n    at afterConnectMultiple (node:net:1723:7)","timestamp":"2026-04-20T17:36:22.823Z"}
{"code":"ECONNREFUSED","level":"error","message":"Redis connection error:","stack":"AggregateError [ECONNREFUSED]: \n    at internalConnectMultiple (node:net:1142:49)\n    at afterConnectMultiple (node:net:1723:7)","timestamp":"2026-04-20T17:36:24.836Z"}
{"code":"ECONNREFUSED","level":"error","message":"Redis connection error:","stack":"AggregateError [ECONNREFUSED]: \n    at internalConnectMultiple (node:net:1142:49)\n    at afterConnectMultiple (node:net:1723:7)","timestamp":"2026-04-20T17:36:26.847Z"}
{"code":"ECONNREFUSED","level":"error","message":"Redis connection error:","stack":"AggregateError [ECONNREFUSED]: \n    at internalConnectMultiple (node:net:1142:49)\n    at afterConnectMultiple (node:net:1723:7)","timestamp":"2026-04-20T17:36:28.856Z"}
{"code":"ECONNREFUSED","level":"error","message":"Redis connection error:","stack":"AggregateError [ECONNREFUSED]: \n    at internalConnectMultiple (node:net:1142:49)\n    at afterConnectMultiple (node:net:1723:7)","timestamp":"2026-04-20T17:36:30.877Z"}
{"code":"ECONNREFUSED","level":"error","message":"Redis connection error:","stack":"AggregateError [ECONNREFUSED]: \n    at internalConnectMultiple (node:net:1142:49)\n    at afterConnectMultiple (node:net:1723:7)","timestamp":"2026-04-20T17:36:32.898Z"}
{"code":"ECONNREFUSED","level":"error","message":"Redis connection error:","stack":"AggregateError [ECONNREFUSED]: \n    at internalConnectMultiple (node:net:1142:49)\n    at afterConnectMultiple (node:net:1723:7)","timestamp":"2026-04-20T17:36:34.912Z"}
{"code":"ECONNREFUSED","level":"error","message":"Redis connection error:","stack":"AggregateError [ECONNREFUSED]: \n    at internalConnectMultiple (node:net:1142:49)\n    at afterConnectMultiple (node:net:1723:7)","timestamp":"2026-04-20T17:36:36.930Z"}
{"code":"ECONNREFUSED","level":"error","message":"Redis connection error:","stack":"AggregateError [ECONNREFUSED]: \n    at internalConnectMultiple (node:net:1142:49)\n    at afterConnectMultiple (node:net:1723:7)","timestamp":"2026-04-20T17:36:38.944Z"}
{"code":"ECONNREFUSED","level":"error","message":"Redis connection error:","stack":"AggregateError [ECONNREFUSED]: \n    at internalConnectMultiple (node:net:1142:49)\n    at afterConnectMultiple (node:net:1723:7)","timestamp":"2026-04-20T17:36:40.963Z"}
{"code":"ECONNREFUSED","level":"error","message":"Redis connection error:","stack":"AggregateError [ECONNREFUSED]: \n    at internalConnectMultiple (node:net:1142:49)\n    at afterConnectMultiple (node:net:1723:7)","timestamp":"2026-04-20T17:36:42.977Z"}
{"code":"ECONNREFUSED","level":"error","message":"Redis connection error:","stack":"AggregateError [ECONNREFUSED]: \n    at internalConnectMultiple (node:net:1142:49)\n    at afterConnectMultiple (node:net:1723:7)","timestamp":"2026-04-20T17:36:44.985Z"}
{"code":"ECONNREFUSED","level":"error","message":"Redis connection error:","stack":"AggregateError [ECONNREFUSED]: \n    at internalConnectMultiple (node:net:1142:49)\n    at afterConnectMultiple (node:net:1723:7)","timestamp":"2026-04-20T17:36:46.996Z"}
{"code":"ECONNREFUSED","level":"error","message":"Redis connection error:","stack":"AggregateError [ECONNREFUSED]: \n    at internalConnectMultiple (node:net:1142:49)\n    at afterConnectMultiple (node:net:1723:7)","timestamp":"2026-04-20T17:36:49.001Z"}
{"code":"ECONNREFUSED","level":"error","message":"Redis connection error:","stack":"AggregateError [ECONNREFUSED]: \n    at internalConnectMultiple (node:net:1142:49)\n    at afterConnectMultiple (node:net:1723:7)","timestamp":"2026-04-20T17:36:51.010Z"}
{"code":"ECONNREFUSED","level":"error","message":"Redis connection error:","stack":"AggregateError [ECONNREFUSED]: \n    at internalConnectMultiple (node:net:1142:49)\n    at afterConnectMultiple (node:net:1723:7)","timestamp":"2026-04-20T17:36:53.027Z"}
{"code":"ECONNREFUSED","level":"error","message":"Redis connection error:","stack":"AggregateError [ECONNREFUSED]: \n    at internalConnectMultiple (node:net:1142:49)\n    at afterConnectMultiple (node:net:1723:7)","timestamp":"2026-04-20T17:36:55.048Z"}
{"code":"ECONNREFUSED","level":"error","message":"Redis connection error:","stack":"AggregateError [ECONNREFUSED]: \n    at internalConnectMultiple (node:net:1142:49)\n    at afterConnectMultiple (node:net:1723:7)","timestamp":"2026-04-20T17:36:57.063Z"}
{"code":"ECONNREFUSED","level":"error","message":"Redis connection error:","stack":"AggregateError [ECONNREFUSED]: \n    at internalConnectMultiple (node:net:1142:49)\n    at afterConnectMultiple (node:net:1723:7)","timestamp":"2026-04-20T17:36:59.073Z"}
{"code":"ECONNREFUSED","level":"error","message":"Redis connection error:","stack":"AggregateError [ECONNREFUSED]: \n    at internalConnectMultiple (node:net:1142:49)\n    at afterConnectMultiple (node:net:1723:7)","timestamp":"2026-04-20T17:37:01.085Z"}
{"code":"ECONNREFUSED","level":"error","message":"Redis connection error:","stack":"AggregateError [ECONNREFUSED]: \n    at internalConnectMultiple (node:net:1142:49)\n    at afterConnectMultiple (node:net:1723:7)","timestamp":"2026-04-20T17:37:03.102Z"}
{"code":"ECONNREFUSED","level":"error","message":"Redis connection error:","stack":"AggregateError [ECONNREFUSED]: \n    at internalConnectMultiple (node:net:1142:49)\n    at afterConnectMultiple (node:net:1723:7)","timestamp":"2026-04-20T17:37:05.122Z"}
{"code":"ECONNREFUSED","level":"error","message":"Redis connection error:","stack":"AggregateError [ECONNREFUSED]: \n    at internalConnectMultiple (node:net:1142:49)\n    at afterConnectMultiple (node:net:1723:7)","timestamp":"2026-04-20T17:37:07.138Z"}
{"code":"ECONNREFUSED","level":"error","message":"Redis connection error:","stack":"AggregateError [ECONNREFUSED]: \n    at internalConnectMultiple (node:net:1142:49)\n    at afterConnectMultiple (node:net:1723:7)","timestamp":"2026-04-20T17:37:09.151Z"}
{"code":"ECONNREFUSED","level":"error","message":"Redis connection error:","stack":"AggregateError [ECONNREFUSED]: \n    at internalConnectMultiple (node:net:1142:49)\n    at afterConnectMultiple (node:net:1723:7)","timestamp":"2026-04-20T17:37:11.168Z"}
{"code":"ECONNREFUSED","level":"error","message":"Redis connection error:","stack":"AggregateError [ECONNREFUSED]: \n    at internalConnectMultiple (node:net:1142:49)\n    at afterConnectMultiple (node:net:1723:7)","timestamp":"2026-04-20T17:37:13.185Z"}
{"code":"ECONNREFUSED","level":"error","message":"Redis connection error:","stack":"AggregateError [ECONNREFUSED]: \n    at internalConnectMultiple (node:net:1142:49)\n    at afterConnectMultiple (node:net:1723:7)","timestamp":"2026-04-20T17:37:15.199Z"}
{"code":"ECONNREFUSED","level":"error","message":"Redis connection error:","stack":"AggregateError [ECONNREFUSED]: \n    at internalConnectMultiple (node:net:1142:49)\n    at afterConnectMultiple (node:net:1723:7)","timestamp":"2026-04-20T17:37:17.219Z"}
{"code":"ECONNREFUSED","level":"error","message":"Redis connection error:","stack":"AggregateError [ECONNREFUSED]: \n    at internalConnectMultiple (node:net:1142:49)\n    at afterConnectMultiple (node:net:1723:7)","timestamp":"2026-04-20T17:37:19.228Z"}
{"code":"ECONNREFUSED","level":"error","message":"Redis connection error:","stack":"AggregateError [ECONNREFUSED]: \n    at internalConnectMultiple (node:net:1142:49)\n    at afterConnectMultiple (node:net:1723:7)","timestamp":"2026-04-20T17:37:21.242Z"}
{"code":"ECONNREFUSED","level":"error","message":"Redis connection error:","stack":"AggregateError [ECONNREFUSED]: \n    at internalConnectMultiple (node:net:1142:49)\n    at afterConnectMultiple (node:net:1723:7)","timestamp":"2026-04-20T17:37:23.250Z"}
{"code":"ECONNREFUSED","level":"error","message":"Redis connection error:","stack":"AggregateError [ECONNREFUSED]: \n    at internalConnectMultiple (node:net:1142:49)\n    at afterConnectMultiple (node:net:1723:7)","timestamp":"2026-04-20T17:37:25.261Z"}
{"code":"ECONNREFUSED","level":"error","message":"Redis connection error:","stack":"AggregateError [ECONNREFUSED]: \n    at internalConnectMultiple (node:net:1142:49)\n    at afterConnectMultiple (node:net:1723:7)","timestamp":"2026-04-20T17:37:27.279Z"}
{"code":"ECONNREFUSED","level":"error","message":"Redis connection error:","stack":"AggregateError [ECONNREFUSED]: \n    at internalConnectMultiple (node:net:1142:49)\n    at afterConnectMultiple (node:net:1723:7)","timestamp":"2026-04-20T17:37:29.295Z"}
{"code":"ECONNREFUSED","level":"error","message":"Redis connection error:","stack":"AggregateError [ECONNREFUSED]: \n    at internalConnectMultiple (node:net:1142:49)\n    at afterConnectMultiple (node:net:1723:7)","timestamp":"2026-04-20T17:37:31.306Z"}
{"code":"ECONNREFUSED","level":"error","message":"Redis connection error:","stack":"AggregateError [ECONNREFUSED]: \n    at internalConnectMultiple (node:net:1142:49)\n    at afterConnectMultiple (node:net:1723:7)","timestamp":"2026-04-20T17:37:33.317Z"}
{"code":"ECONNREFUSED","level":"error","message":"Redis connection error:","stack":"AggregateError [ECONNREFUSED]: \n    at internalConnectMultiple (node:net:1142:49)\n    at afterConnectMultiple (node:net:1723:7)","timestamp":"2026-04-20T17:37:35.334Z"}
{"code":"ECONNREFUSED","level":"error","message":"Redis connection error:","stack":"AggregateError [ECONNREFUSED]: \n    at internalConnectMultiple (node:net:1142:49)\n    at afterConnectMultiple (node:net:1723:7)","timestamp":"2026-04-20T17:37:37.353Z"}
{"code":"ECONNREFUSED","level":"error","message":"Redis connection error:","stack":"AggregateError [ECONNREFUSED]: \n    at internalConnectMultiple (node:net:1142:49)\n    at afterConnectMultiple (node:net:1723:7)","timestamp":"2026-04-20T17:37:39.360Z"}
{"code":"ECONNREFUSED","level":"error","message":"Redis connection error:","stack":"AggregateError [ECONNREFUSED]: \n    at internalConnectMultiple (node:net:1142:49)\n    at afterConnectMultiple (node:net:1723:7)","timestamp":"2026-04-20T17:37:41.377Z"}
{"code":"ECONNREFUSED","level":"error","message":"Redis connection error:","stack":"AggregateError [ECONNREFUSED]: \n    at internalConnectMultiple (node:net:1142:49)\n    at afterConnectMultiple (node:net:1723:7)","timestamp":"2026-04-20T17:37:43.383Z"}
{"code":"ECONNREFUSED","level":"error","message":"Redis connection error:","stack":"AggregateError [ECONNREFUSED]: \n    at internalConnectMultiple (node:net:1142:49)\n    at afterConnectMultiple (node:net:1723:7)","timestamp":"2026-04-20T17:37:45.397Z"}
{"code":"ECONNREFUSED","level":"error","message":"Redis connection error:","stack":"AggregateError [ECONNREFUSED]: \n    at internalConnectMultiple (node:net:1142:49)\n    at afterConnectMultiple (node:net:1723:7)","timestamp":"2026-04-20T17:37:47.408Z"}
{"code":"ECONNREFUSED","level":"error","message":"Redis connection error:","stack":"AggregateError [ECONNREFUSED]: \n    at internalConnectMultiple (node:net:1142:49)\n    at afterConnectMultiple (node:net:1723:7)","timestamp":"2026-04-20T17:37:49.420Z"}
{"code":"ECONNREFUSED","level":"error","message":"Redis connection error:","stack":"AggregateError [ECONNREFUSED]: \n    at internalConnectMultiple (node:net:1142:49)\n    at afterConnectMultiple (node:net:1723:7)","timestamp":"2026-04-20T17:37:51.432Z"}
{"code":"ECONNREFUSED","level":"error","message":"Redis connection error:","stack":"AggregateError [ECONNREFUSED]: \n    at internalConnectMultiple (node:net:1142:49)\n    at afterConnectMultiple (node:net:1723:7)","timestamp":"2026-04-20T17:37:53.451Z"}
{"code":"ECONNREFUSED","level":"error","message":"Redis connection error:","stack":"AggregateError [ECONNREFUSED]: \n    at internalConnectMultiple (node:net:1142:49)\n    at afterConnectMultiple (node:net:1723:7)","timestamp":"2026-04-20T17:37:55.457Z"}
{"code":"ECONNREFUSED","level":"error","message":"Redis connection error:","stack":"AggregateError [ECONNREFUSED]: \n    at internalConnectMultiple (node:net:1142:49)\n    at afterConnectMultiple (node:net:1723:7)","timestamp":"2026-04-20T17:37:57.473Z"}
{"code":"ECONNREFUSED","level":"error","message":"Redis connection error:","stack":"AggregateError [ECONNREFUSED]: \n    at internalConnectMultiple (node:net:1142:49)\n    at afterConnectMultiple (node:net:1723:7)","timestamp":"2026-04-20T17:37:59.489Z"}
{"code":"ECONNREFUSED","level":"error","message":"Redis connection error:","stack":"AggregateError [ECONNREFUSED]: \n    at internalConnectMultiple (node:net:1142:49)\n    at afterConnectMultiple (node:net:1723:7)","timestamp":"2026-04-20T17:38:01.506Z"}
{"code":"ECONNREFUSED","level":"error","message":"Redis connection error:","stack":"AggregateError [ECONNREFUSED]: \n    at internalConnectMultiple (node:net:1142:49)\n    at afterConnectMultiple (node:net:1723:7)","timestamp":"2026-04-20T17:38:03.512Z"}
{"code":"ECONNREFUSED","level":"error","message":"Redis connection error:","stack":"AggregateError [ECONNREFUSED]: \n    at internalConnectMultiple (node:net:1142:49)\n    at afterConnectMultiple (node:net:1723:7)","timestamp":"2026-04-20T17:38:05.525Z"}
{"code":"ECONNREFUSED","level":"error","message":"Redis connection error:","stack":"AggregateError [ECONNREFUSED]: \n    at internalConnectMultiple (node:net:1142:49)\n    at afterConnectMultiple (node:net:1723:7)","timestamp":"2026-04-20T17:38:07.535Z"}
{"code":"ECONNREFUSED","level":"error","message":"Redis connection error:","stack":"AggregateError [ECONNREFUSED]: \n    at internalConnectMultiple (node:net:1142:49)\n    at afterConnectMultiple (node:net:1723:7)","timestamp":"2026-04-20T17:38:09.556Z"}
{"code":"ECONNREFUSED","level":"error","message":"Redis connection error:","stack":"AggregateError [ECONNREFUSED]: \n    at internalConnectMultiple (node:net:1142:49)\n    at afterConnectMultiple (node:net:1723:7)","timestamp":"2026-04-20T17:38:11.565Z"}
{"code":"ECONNREFUSED","level":"error","message":"Redis connection error:","stack":"AggregateError [ECONNREFUSED]: \n    at internalConnectMultiple (node:net:1142:49)\n    at afterConnectMultiple (node:net:1723:7)","timestamp":"2026-04-20T17:38:13.586Z"}
{"code":"ECONNREFUSED","level":"error","message":"Redis connection error:","stack":"AggregateError [ECONNREFUSED]: \n    at internalConnectMultiple (node:net:1142:49)\n    at afterConnectMultiple (node:net:1723:7)","timestamp":"2026-04-20T17:38:15.599Z"}
{"code":"ECONNREFUSED","level":"error","message":"Redis connection error:","stack":"AggregateError [ECONNREFUSED]: \n    at internalConnectMultiple (node:net:1142:49)\n    at afterConnectMultiple (node:net:1723:7)","timestamp":"2026-04-20T17:38:17.615Z"}
{"code":"ECONNREFUSED","level":"error","message":"Redis connection error:","stack":"AggregateError [ECONNREFUSED]: \n    at internalConnectMultiple (node:net:1142:49)\n    at afterConnectMultiple (node:net:1723:7)","timestamp":"2026-04-20T17:38:19.631Z"}
{"code":"ECONNREFUSED","level":"error","message":"Redis connection error:","stack":"AggregateError [ECONNREFUSED]: \n    at internalConnectMultiple (node:net:1142:49)\n    at afterConnectMultiple (node:net:1723:7)","timestamp":"2026-04-20T17:38:21.644Z"}
{"code":"ECONNREFUSED","level":"error","message":"Redis connection error:","stack":"AggregateError [ECONNREFUSED]: \n    at internalConnectMultiple (node:net:1142:49)\n    at afterConnectMultiple (node:net:1723:7)","timestamp":"2026-04-20T17:38:23.659Z"}
{"code":"ECONNREFUSED","level":"error","message":"Redis connection error:","stack":"AggregateError [ECONNREFUSED]: \n    at internalConnectMultiple (node:net:1142:49)\n    at afterConnectMultiple (node:net:1723:7)","timestamp":"2026-04-20T17:38:25.675Z"}
{"code":"ECONNREFUSED","level":"error","message":"Redis connection error:","stack":"AggregateError [ECONNREFUSED]: \n    at internalConnectMultiple (node:net:1142:49)\n    at afterConnectMultiple (node:net:1723:7)","timestamp":"2026-04-20T17:38:27.693Z"}
{"code":"ECONNREFUSED","level":"error","message":"Redis connection error:","stack":"AggregateError [ECONNREFUSED]: \n    at internalConnectMultiple (node:net:1142:49)\n    at afterConnectMultiple (node:net:1723:7)","timestamp":"2026-04-20T17:38:29.699Z"}
{"code":"ECONNREFUSED","level":"error","message":"Redis connection error:","stack":"AggregateError [ECONNREFUSED]: \n    at internalConnectMultiple (node:net:1142:49)\n    at afterConnectMultiple (node:net:1723:7)","timestamp":"2026-04-20T17:38:31.711Z"}
{"code":"ECONNREFUSED","level":"error","message":"Redis connection error:","stack":"AggregateError [ECONNREFUSED]: \n    at internalConnectMultiple (node:net:1142:49)\n    at afterConnectMultiple (node:net:1723:7)","timestamp":"2026-04-20T17:38:33.719Z"}
{"code":"ECONNREFUSED","level":"error","message":"Redis connection error:","stack":"AggregateError [ECONNREFUSED]: \n    at internalConnectMultiple (node:net:1142:49)\n    at afterConnectMultiple (node:net:1723:7)","timestamp":"2026-04-20T17:38:35.737Z"}
{"code":"ECONNREFUSED","level":"error","message":"Redis connection error:","stack":"AggregateError [ECONNREFUSED]: \n    at internalConnectMultiple (node:net:1142:49)\n    at afterConnectMultiple (node:net:1723:7)","timestamp":"2026-04-20T17:38:37.744Z"}
{"code":"ECONNREFUSED","level":"error","message":"Redis connection error:","stack":"AggregateError [ECONNREFUSED]: \n    at internalConnectMultiple (node:net:1142:49)\n    at afterConnectMultiple (node:net:1723:7)","timestamp":"2026-04-20T17:38:39.755Z"}
{"code":"ECONNREFUSED","level":"error","message":"Redis connection error:","stack":"AggregateError [ECONNREFUSED]: \n    at internalConnectMultiple (node:net:1142:49)\n    at afterConnectMultiple (node:net:1723:7)","timestamp":"2026-04-20T17:38:41.760Z"}
{"code":"ECONNREFUSED","level":"error","message":"Redis connection error:","stack":"AggregateError [ECONNREFUSED]: \n    at internalConnectMultiple (node:net:1142:49)\n    at afterConnectMultiple (node:net:1723:7)","timestamp":"2026-04-20T17:38:43.775Z"}
{"code":"ECONNREFUSED","level":"error","message":"Redis connection error:","stack":"AggregateError [ECONNREFUSED]: \n    at internalConnectMultiple (node:net:1142:49)\n    at afterConnectMultiple (node:net:1723:7)","timestamp":"2026-04-20T17:38:45.787Z"}
{"code":"ECONNREFUSED","level":"error","message":"Redis connection error:","stack":"AggregateError [ECONNREFUSED]: \n    at internalConnectMultiple (node:net:1142:49)\n    at afterConnectMultiple (node:net:1723:7)","timestamp":"2026-04-20T17:38:47.802Z"}
{"code":"ECONNREFUSED","level":"error","message":"Redis connection error:","stack":"AggregateError [ECONNREFUSED]: \n    at internalConnectMultiple (node:net:1142:49)\n    at afterConnectMultiple (node:net:1723:7)","timestamp":"2026-04-20T17:38:49.810Z"}
{"code":"ECONNREFUSED","level":"error","message":"Redis connection error:","stack":"AggregateError [ECONNREFUSED]: \n    at internalConnectMultiple (node:net:1142:49)\n    at afterConnectMultiple (node:net:1723:7)","timestamp":"2026-04-20T17:38:51.823Z"}
{"code":"ECONNREFUSED","level":"error","message":"Redis connection error:","stack":"AggregateError [ECONNREFUSED]: \n    at internalConnectMultiple (node:net:1142:49)\n    at afterConnectMultiple (node:net:1723:7)","timestamp":"2026-04-20T17:38:53.831Z"}
{"code":"ECONNREFUSED","level":"error","message":"Redis connection error:","stack":"AggregateError [ECONNREFUSED]: \n    at internalConnectMultiple (node:net:1142:49)\n    at afterConnectMultiple (node:net:1723:7)","timestamp":"2026-04-20T17:38:55.848Z"}
{"code":"ECONNREFUSED","level":"error","message":"Redis connection error:","stack":"AggregateError [ECONNREFUSED]: \n    at internalConnectMultiple (node:net:1142:49)\n    at afterConnectMultiple (node:net:1723:7)","timestamp":"2026-04-20T17:38:57.861Z"}
{"code":"ECONNREFUSED","level":"error","message":"Redis connection error:","stack":"AggregateError [ECONNREFUSED]: \n    at internalConnectMultiple (node:net:1142:49)\n    at afterConnectMultiple (node:net:1723:7)","timestamp":"2026-04-20T17:38:59.877Z"}
{"code":"ECONNREFUSED","level":"error","message":"Redis connection error:","stack":"AggregateError [ECONNREFUSED]: \n    at internalConnectMultiple (node:net:1142:49)\n    at afterConnectMultiple (node:net:1723:7)","timestamp":"2026-04-20T17:39:01.885Z"}
{"code":"ECONNREFUSED","level":"error","message":"Redis connection error:","stack":"AggregateError [ECONNREFUSED]: \n    at internalConnectMultiple (node:net:1142:49)\n    at afterConnectMultiple (node:net:1723:7)","timestamp":"2026-04-20T17:39:03.890Z"}
{"code":"ECONNREFUSED","level":"error","message":"Redis connection error:","stack":"AggregateError [ECONNREFUSED]: \n    at internalConnectMultiple (node:net:1142:49)\n    at afterConnectMultiple (node:net:1723:7)","timestamp":"2026-04-20T17:39:05.895Z"}
{"code":"ECONNREFUSED","level":"error","message":"Redis connection error:","stack":"AggregateError [ECONNREFUSED]: \n    at internalConnectMultiple (node:net:1142:49)\n    at afterConnectMultiple (node:net:1723:7)","timestamp":"2026-04-20T17:39:07.912Z"}
{"code":"ECONNREFUSED","level":"error","message":"Redis connection error:","stack":"AggregateError [ECONNREFUSED]: \n    at internalConnectMultiple (node:net:1142:49)\n    at afterConnectMultiple (node:net:1723:7)","timestamp":"2026-04-20T17:39:09.925Z"}
{"code":"ECONNREFUSED","level":"error","message":"Redis connection error:","stack":"AggregateError [ECONNREFUSED]: \n    at internalConnectMultiple (node:net:1142:49)\n    at afterConnectMultiple (node:net:1723:7)","timestamp":"2026-04-20T17:39:11.930Z"}
{"code":"ECONNREFUSED","level":"error","message":"Redis connection error:","stack":"AggregateError [ECONNREFUSED]: \n    at internalConnectMultiple (node:net:1142:49)\n    at afterConnectMultiple (node:net:1723:7)","timestamp":"2026-04-20T17:39:13.941Z"}
{"code":"ECONNREFUSED","level":"error","message":"Redis connection error:","stack":"AggregateError [ECONNREFUSED]: \n    at internalConnectMultiple (node:net:1142:49)\n    at afterConnectMultiple (node:net:1723:7)","timestamp":"2026-04-20T17:39:15.961Z"}
{"code":"ECONNREFUSED","level":"error","message":"Redis connection error:","stack":"AggregateError [ECONNREFUSED]: \n    at internalConnectMultiple (node:net:1142:49)\n    at afterConnectMultiple (node:net:1723:7)","timestamp":"2026-04-20T17:39:17.967Z"}
{"code":"ECONNREFUSED","level":"error","message":"Redis connection error:","stack":"AggregateError [ECONNREFUSED]: \n    at internalConnectMultiple (node:net:1142:49)\n    at afterConnectMultiple (node:net:1723:7)","timestamp":"2026-04-20T17:39:19.985Z"}
{"code":"ECONNREFUSED","level":"error","message":"Redis connection error:","stack":"AggregateError [ECONNREFUSED]: \n    at internalConnectMultiple (node:net:1142:49)\n    at afterConnectMultiple (node:net:1723:7)","timestamp":"2026-04-20T17:39:22.004Z"}
{"code":"ECONNREFUSED","level":"error","message":"Redis connection error:","stack":"AggregateError [ECONNREFUSED]: \n    at internalConnectMultiple (node:net:1142:49)\n    at afterConnectMultiple (node:net:1723:7)","timestamp":"2026-04-20T17:39:24.016Z"}
{"code":"ECONNREFUSED","level":"error","message":"Redis connection error:","stack":"AggregateError [ECONNREFUSED]: \n    at internalConnectMultiple (node:net:1142:49)\n    at afterConnectMultiple (node:net:1723:7)","timestamp":"2026-04-20T17:39:26.028Z"}
{"code":"ECONNREFUSED","level":"error","message":"Redis connection error:","stack":"AggregateError [ECONNREFUSED]: \n    at internalConnectMultiple (node:net:1142:49)\n    at afterConnectMultiple (node:net:1723:7)","timestamp":"2026-04-20T17:39:28.037Z"}
{"code":"ECONNREFUSED","level":"error","message":"Redis connection error:","stack":"AggregateError [ECONNREFUSED]: \n    at internalConnectMultiple (node:net:1142:49)\n    at afterConnectMultiple (node:net:1723:7)","timestamp":"2026-04-20T17:39:30.048Z"}
{"code":"ECONNREFUSED","level":"error","message":"Redis connection error:","stack":"AggregateError [ECONNREFUSED]: \n    at internalConnectMultiple (node:net:1142:49)\n    at afterConnectMultiple (node:net:1723:7)","timestamp":"2026-04-20T17:39:32.056Z"}
{"code":"ECONNREFUSED","level":"error","message":"Redis connection error:","stack":"AggregateError [ECONNREFUSED]: \n    at internalConnectMultiple (node:net:1142:49)\n    at afterConnectMultiple (node:net:1723:7)","timestamp":"2026-04-20T17:39:34.068Z"}
{"code":"ECONNREFUSED","level":"error","message":"Redis connection error:","stack":"AggregateError [ECONNREFUSED]: \n    at internalConnectMultiple (node:net:1142:49)\n    at afterConnectMultiple (node:net:1723:7)","timestamp":"2026-04-20T17:39:36.080Z"}
{"code":"ECONNREFUSED","level":"error","message":"Redis connection error:","stack":"AggregateError [ECONNREFUSED]: \n    at internalConnectMultiple (node:net:1142:49)\n    at afterConnectMultiple (node:net:1723:7)","timestamp":"2026-04-20T17:39:38.095Z"}
{"code":"ECONNREFUSED","level":"error","message":"Redis connection error:","stack":"AggregateError [ECONNREFUSED]: \n    at internalConnectMultiple (node:net:1142:49)\n    at afterConnectMultiple (node:net:1723:7)","timestamp":"2026-04-20T17:39:40.104Z"}
{"code":"ECONNREFUSED","level":"error","message":"Redis connection error:","stack":"AggregateError [ECONNREFUSED]: \n    at internalConnectMultiple (node:net:1142:49)\n    at afterConnectMultiple (node:net:1723:7)","timestamp":"2026-04-20T17:39:42.115Z"}
{"code":"ECONNREFUSED","level":"error","message":"Redis connection error:","stack":"AggregateError [ECONNREFUSED]: \n    at internalConnectMultiple (node:net:1142:49)\n    at afterConnectMultiple (node:net:1723:7)","timestamp":"2026-04-20T17:39:44.118Z"}
{"code":"ECONNREFUSED","level":"error","message":"Redis connection error:","stack":"AggregateError [ECONNREFUSED]: \n    at internalConnectMultiple (node:net:1142:49)\n    at afterConnectMultiple (node:net:1723:7)","timestamp":"2026-04-20T17:39:46.130Z"}
{"code":"ECONNREFUSED","level":"error","message":"Redis connection error:","stack":"AggregateError [ECONNREFUSED]: \n    at internalConnectMultiple (node:net:1142:49)\n    at afterConnectMultiple (node:net:1723:7)","timestamp":"2026-04-20T17:39:48.140Z"}
{"code":"ECONNREFUSED","level":"error","message":"Redis connection error:","stack":"AggregateError [ECONNREFUSED]: \n    at internalConnectMultiple (node:net:1142:49)\n    at afterConnectMultiple (node:net:1723:7)","timestamp":"2026-04-20T17:39:50.152Z"}
{"code":"ECONNREFUSED","level":"error","message":"Redis connection error:","stack":"AggregateError [ECONNREFUSED]: \n    at internalConnectMultiple (node:net:1142:49)\n    at afterConnectMultiple (node:net:1723:7)","timestamp":"2026-04-20T17:39:52.164Z"}
{"code":"ECONNREFUSED","level":"error","message":"Redis connection error:","stack":"AggregateError [ECONNREFUSED]: \n    at internalConnectMultiple (node:net:1142:49)\n    at afterConnectMultiple (node:net:1723:7)","timestamp":"2026-04-20T17:39:54.168Z"}
{"code":"ECONNREFUSED","level":"error","message":"Redis connection error:","stack":"AggregateError [ECONNREFUSED]: \n    at internalConnectMultiple (node:net:1142:49)\n    at afterConnectMultiple (node:net:1723:7)","timestamp":"2026-04-20T17:39:56.176Z"}
{"code":"ECONNREFUSED","level":"error","message":"Redis connection error:","stack":"AggregateError [ECONNREFUSED]: \n    at internalConnectMultiple (node:net:1142:49)\n    at afterConnectMultiple (node:net:1723:7)","timestamp":"2026-04-20T17:39:58.190Z"}
{"code":"ECONNREFUSED","level":"error","message":"Redis connection error:","stack":"AggregateError [ECONNREFUSED]: \n    at internalConnectMultiple (node:net:1142:49)\n    at afterConnectMultiple (node:net:1723:7)","timestamp":"2026-04-20T17:40:00.200Z"}
{"code":"ECONNREFUSED","level":"error","message":"Redis connection error:","stack":"AggregateError [ECONNREFUSED]: \n    at internalConnectMultiple (node:net:1142:49)\n    at afterConnectMultiple (node:net:1723:7)","timestamp":"2026-04-20T17:40:02.214Z"}
{"code":"ECONNREFUSED","level":"error","message":"Redis connection error:","stack":"AggregateError [ECONNREFUSED]: \n    at internalConnectMultiple (node:net:1142:49)\n    at afterConnectMultiple (node:net:1723:7)","timestamp":"2026-04-20T17:40:04.232Z"}
{"code":"ECONNREFUSED","level":"error","message":"Redis connection error:","stack":"AggregateError [ECONNREFUSED]: \n    at internalConnectMultiple (node:net:1142:49)\n    at afterConnectMultiple (node:net:1723:7)","timestamp":"2026-04-20T17:40:06.244Z"}
{"code":"ECONNREFUSED","level":"error","message":"Redis connection error:","stack":"AggregateError [ECONNREFUSED]: \n    at internalConnectMultiple (node:net:1142:49)\n    at afterConnectMultiple (node:net:1723:7)","timestamp":"2026-04-20T17:40:08.255Z"}
{"code":"ECONNREFUSED","level":"error","message":"Redis connection error:","stack":"AggregateError [ECONNREFUSED]: \n    at internalConnectMultiple (node:net:1142:49)\n    at afterConnectMultiple (node:net:1723:7)","timestamp":"2026-04-20T17:40:10.261Z"}
{"code":"ECONNREFUSED","level":"error","message":"Redis connection error:","stack":"AggregateError [ECONNREFUSED]: \n    at internalConnectMultiple (node:net:1142:49)\n    at afterConnectMultiple (node:net:1723:7)","timestamp":"2026-04-20T17:40:12.270Z"}
{"code":"ECONNREFUSED","level":"error","message":"Redis connection error:","stack":"AggregateError [ECONNREFUSED]: \n    at internalConnectMultiple (node:net:1142:49)\n    at afterConnectMultiple (node:net:1723:7)","timestamp":"2026-04-20T17:40:14.282Z"}
{"code":"ECONNREFUSED","level":"error","message":"Redis connection error:","stack":"AggregateError [ECONNREFUSED]: \n    at internalConnectMultiple (node:net:1142:49)\n    at afterConnectMultiple (node:net:1723:7)","timestamp":"2026-04-20T17:40:16.290Z"}
{"code":"ECONNREFUSED","level":"error","message":"Redis connection error:","stack":"AggregateError [ECONNREFUSED]: \n    at internalConnectMultiple (node:net:1142:49)\n    at afterConnectMultiple (node:net:1723:7)","timestamp":"2026-04-20T17:40:18.301Z"}
{"code":"ECONNREFUSED","level":"error","message":"Redis connection error:","stack":"AggregateError [ECONNREFUSED]: \n    at internalConnectMultiple (node:net:1142:49)\n    at afterConnectMultiple (node:net:1723:7)","timestamp":"2026-04-20T17:40:20.319Z"}
{"code":"ECONNREFUSED","level":"error","message":"Redis connection error:","stack":"AggregateError [ECONNREFUSED]: \n    at internalConnectMultiple (node:net:1142:49)\n    at afterConnectMultiple (node:net:1723:7)","timestamp":"2026-04-20T17:40:22.331Z"}
{"code":"ECONNREFUSED","level":"error","message":"Redis connection error:","stack":"AggregateError [ECONNREFUSED]: \n    at internalConnectMultiple (node:net:1142:49)\n    at afterConnectMultiple (node:net:1723:7)","timestamp":"2026-04-20T17:40:24.344Z"}
{"code":"ECONNREFUSED","level":"error","message":"Redis connection error:","stack":"AggregateError [ECONNREFUSED]: \n    at internalConnectMultiple (node:net:1142:49)\n    at afterConnectMultiple (node:net:1723:7)","timestamp":"2026-04-20T17:40:26.358Z"}
{"code":"ECONNREFUSED","level":"error","message":"Redis connection error:","stack":"AggregateError [ECONNREFUSED]: \n    at internalConnectMultiple (node:net:1142:49)\n    at afterConnectMultiple (node:net:1723:7)","timestamp":"2026-04-20T17:40:28.373Z"}
{"code":"ECONNREFUSED","level":"error","message":"Redis connection error:","stack":"AggregateError [ECONNREFUSED]: \n    at internalConnectMultiple (node:net:1142:49)\n    at afterConnectMultiple (node:net:1723:7)","timestamp":"2026-04-20T17:40:30.379Z"}
{"code":"ECONNREFUSED","level":"error","message":"Redis connection error:","stack":"AggregateError [ECONNREFUSED]: \n    at internalConnectMultiple (node:net:1142:49)\n    at afterConnectMultiple (node:net:1723:7)","timestamp":"2026-04-20T17:40:32.396Z"}
{"code":"ECONNREFUSED","level":"error","message":"Redis connection error:","stack":"AggregateError [ECONNREFUSED]: \n    at internalConnectMultiple (node:net:1142:49)\n    at afterConnectMultiple (node:net:1723:7)","timestamp":"2026-04-20T17:40:34.407Z"}
{"code":"ECONNREFUSED","level":"error","message":"Redis connection error:","stack":"AggregateError [ECONNREFUSED]: \n    at internalConnectMultiple (node:net:1142:49)\n    at afterConnectMultiple (node:net:1723:7)","timestamp":"2026-04-20T17:40:36.417Z"}
{"code":"ECONNREFUSED","level":"error","message":"Redis connection error:","stack":"AggregateError [ECONNREFUSED]: \n    at internalConnectMultiple (node:net:1142:49)\n    at afterConnectMultiple (node:net:1723:7)","timestamp":"2026-04-20T17:40:38.433Z"}
{"code":"ECONNREFUSED","level":"error","message":"Redis connection error:","stack":"AggregateError [ECONNREFUSED]: \n    at internalConnectMultiple (node:net:1142:49)\n    at afterConnectMultiple (node:net:1723:7)","timestamp":"2026-04-20T17:40:40.441Z"}
{"code":"ECONNREFUSED","level":"error","message":"Redis connection error:","stack":"AggregateError [ECONNREFUSED]: \n    at internalConnectMultiple (node:net:1142:49)\n    at afterConnectMultiple (node:net:1723:7)","timestamp":"2026-04-20T17:40:42.447Z"}
{"code":"ECONNREFUSED","level":"error","message":"Redis connection error:","stack":"AggregateError [ECONNREFUSED]: \n    at internalConnectMultiple (node:net:1142:49)\n    at afterConnectMultiple (node:net:1723:7)","timestamp":"2026-04-20T17:40:44.466Z"}
{"code":"ECONNREFUSED","level":"error","message":"Redis connection error:","stack":"AggregateError [ECONNREFUSED]: \n    at internalConnectMultiple (node:net:1142:49)\n    at afterConnectMultiple (node:net:1723:7)","timestamp":"2026-04-20T17:40:46.483Z"}
{"code":"ECONNREFUSED","level":"error","message":"Redis connection error:","stack":"AggregateError [ECONNREFUSED]: \n    at internalConnectMultiple (node:net:1142:49)\n    at afterConnectMultiple (node:net:1723:7)","timestamp":"2026-04-20T17:40:48.491Z"}
{"code":"ECONNREFUSED","level":"error","message":"Redis connection error:","stack":"AggregateError [ECONNREFUSED]: \n    at internalConnectMultiple (node:net:1142:49)\n    at afterConnectMultiple (node:net:1723:7)","timestamp":"2026-04-20T17:40:50.501Z"}
{"code":"ECONNREFUSED","level":"error","message":"Redis connection error:","stack":"AggregateError [ECONNREFUSED]: \n    at internalConnectMultiple (node:net:1142:49)\n    at afterConnectMultiple (node:net:1723:7)","timestamp":"2026-04-20T17:40:52.512Z"}
{"code":"ECONNREFUSED","level":"error","message":"Redis connection error:","stack":"AggregateError [ECONNREFUSED]: \n    at internalConnectMultiple (node:net:1142:49)\n    at afterConnectMultiple (node:net:1723:7)","timestamp":"2026-04-20T17:40:54.528Z"}
{"code":"ECONNREFUSED","level":"error","message":"Redis connection error:","stack":"AggregateError [ECONNREFUSED]: \n    at internalConnectMultiple (node:net:1142:49)\n    at afterConnectMultiple (node:net:1723:7)","timestamp":"2026-04-20T17:40:56.541Z"}
{"code":"ECONNREFUSED","level":"error","message":"Redis connection error:","stack":"AggregateError [ECONNREFUSED]: \n    at internalConnectMultiple (node:net:1142:49)\n    at afterConnectMultiple (node:net:1723:7)","timestamp":"2026-04-20T17:40:58.555Z"}
{"code":"ECONNREFUSED","level":"error","message":"Redis connection error:","stack":"AggregateError [ECONNREFUSED]: \n    at internalConnectMultiple (node:net:1142:49)\n    at afterConnectMultiple (node:net:1723:7)","timestamp":"2026-04-20T17:41:00.570Z"}
{"code":"ECONNREFUSED","level":"error","message":"Redis connection error:","stack":"AggregateError [ECONNREFUSED]: \n    at internalConnectMultiple (node:net:1142:49)\n    at afterConnectMultiple (node:net:1723:7)","timestamp":"2026-04-20T17:41:02.574Z"}
{"code":"ECONNREFUSED","level":"error","message":"Redis connection error:","stack":"AggregateError [ECONNREFUSED]: \n    at internalConnectMultiple (node:net:1142:49)\n    at afterConnectMultiple (node:net:1723:7)","timestamp":"2026-04-20T17:41:04.586Z"}
{"code":"ECONNREFUSED","level":"error","message":"Redis connection error:","stack":"AggregateError [ECONNREFUSED]: \n    at internalConnectMultiple (node:net:1142:49)\n    at afterConnectMultiple (node:net:1723:7)","timestamp":"2026-04-20T17:41:06.605Z"}
{"code":"ECONNREFUSED","level":"error","message":"Redis connection error:","stack":"AggregateError [ECONNREFUSED]: \n    at internalConnectMultiple (node:net:1142:49)\n    at afterConnectMultiple (node:net:1723:7)","timestamp":"2026-04-20T17:41:08.611Z"}
{"code":"ECONNREFUSED","level":"error","message":"Redis connection error:","stack":"AggregateError [ECONNREFUSED]: \n    at internalConnectMultiple (node:net:1142:49)\n    at afterConnectMultiple (node:net:1723:7)","timestamp":"2026-04-20T17:41:10.616Z"}
{"code":"ECONNREFUSED","level":"error","message":"Redis connection error:","stack":"AggregateError [ECONNREFUSED]: \n    at internalConnectMultiple (node:net:1142:49)\n    at afterConnectMultiple (node:net:1723:7)","timestamp":"2026-04-20T17:41:12.634Z"}
{"code":"ECONNREFUSED","level":"error","message":"Redis connection error:","stack":"AggregateError [ECONNREFUSED]: \n    at internalConnectMultiple (node:net:1142:49)\n    at afterConnectMultiple (node:net:1723:7)","timestamp":"2026-04-20T17:41:14.651Z"}
{"code":"ECONNREFUSED","level":"error","message":"Redis connection error:","stack":"AggregateError [ECONNREFUSED]: \n    at internalConnectMultiple (node:net:1142:49)\n    at afterConnectMultiple (node:net:1723:7)","timestamp":"2026-04-20T17:41:16.656Z"}
{"code":"ECONNREFUSED","level":"error","message":"Redis connection error:","stack":"AggregateError [ECONNREFUSED]: \n    at internalConnectMultiple (node:net:1142:49)\n    at afterConnectMultiple (node:net:1723:7)","timestamp":"2026-04-20T17:41:18.670Z"}
{"code":"ECONNREFUSED","level":"error","message":"Redis connection error:","stack":"AggregateError [ECONNREFUSED]: \n    at internalConnectMultiple (node:net:1142:49)\n    at afterConnectMultiple (node:net:1723:7)","timestamp":"2026-04-20T17:41:20.685Z"}
{"code":"ECONNREFUSED","level":"error","message":"Redis connection error:","stack":"AggregateError [ECONNREFUSED]: \n    at internalConnectMultiple (node:net:1142:49)\n    at afterConnectMultiple (node:net:1723:7)","timestamp":"2026-04-20T17:41:22.694Z"}
{"code":"ECONNREFUSED","level":"error","message":"Redis connection error:","stack":"AggregateError [ECONNREFUSED]: \n    at internalConnectMultiple (node:net:1142:49)\n    at afterConnectMultiple (node:net:1723:7)","timestamp":"2026-04-20T17:41:24.708Z"}
{"code":"ECONNREFUSED","level":"error","message":"Redis connection error:","stack":"AggregateError [ECONNREFUSED]: \n    at internalConnectMultiple (node:net:1142:49)\n    at afterConnectMultiple (node:net:1723:7)","timestamp":"2026-04-20T17:41:26.711Z"}
{"code":"ECONNREFUSED","level":"error","message":"Redis connection error:","stack":"AggregateError [ECONNREFUSED]: \n    at internalConnectMultiple (node:net:1142:49)\n    at afterConnectMultiple (node:net:1723:7)","timestamp":"2026-04-20T17:41:28.722Z"}
{"code":"ECONNREFUSED","level":"error","message":"Redis connection error:","stack":"AggregateError [ECONNREFUSED]: \n    at internalConnectMultiple (node:net:1142:49)\n    at afterConnectMultiple (node:net:1723:7)","timestamp":"2026-04-20T17:41:30.730Z"}
{"code":"ECONNREFUSED","level":"error","message":"Redis connection error:","stack":"AggregateError [ECONNREFUSED]: \n    at internalConnectMultiple (node:net:1142:49)\n    at afterConnectMultiple (node:net:1723:7)","timestamp":"2026-04-20T17:41:32.741Z"}
{"code":"ECONNREFUSED","level":"error","message":"Redis connection error:","stack":"AggregateError [ECONNREFUSED]: \n    at internalConnectMultiple (node:net:1142:49)\n    at afterConnectMultiple (node:net:1723:7)","timestamp":"2026-04-20T17:41:34.748Z"}
{"code":"ECONNREFUSED","level":"error","message":"Redis connection error:","stack":"AggregateError [ECONNREFUSED]: \n    at internalConnectMultiple (node:net:1142:49)\n    at afterConnectMultiple (node:net:1723:7)","timestamp":"2026-04-20T17:41:36.760Z"}
{"code":"ECONNREFUSED","level":"error","message":"Redis connection error:","stack":"AggregateError [ECONNREFUSED]: \n    at internalConnectMultiple (node:net:1142:49)\n    at afterConnectMultiple (node:net:1723:7)","timestamp":"2026-04-20T17:41:38.772Z"}
{"code":"ECONNREFUSED","level":"error","message":"Redis connection error:","stack":"AggregateError [ECONNREFUSED]: \n    at internalConnectMultiple (node:net:1142:49)\n    at afterConnectMultiple (node:net:1723:7)","timestamp":"2026-04-20T17:41:40.786Z"}
{"code":"ECONNREFUSED","level":"error","message":"Redis connection error:","stack":"AggregateError [ECONNREFUSED]: \n    at internalConnectMultiple (node:net:1142:49)\n    at afterConnectMultiple (node:net:1723:7)","timestamp":"2026-04-20T17:41:42.802Z"}
{"code":"ECONNREFUSED","level":"error","message":"Redis connection error:","stack":"AggregateError [ECONNREFUSED]: \n    at internalConnectMultiple (node:net:1142:49)\n    at afterConnectMultiple (node:net:1723:7)","timestamp":"2026-04-20T17:41:44.820Z"}
{"code":"ECONNREFUSED","level":"error","message":"Redis connection error:","stack":"AggregateError [ECONNREFUSED]: \n    at internalConnectMultiple (node:net:1142:49)\n    at afterConnectMultiple (node:net:1723:7)","timestamp":"2026-04-20T17:41:46.839Z"}
{"code":"ECONNREFUSED","level":"error","message":"Redis connection error:","stack":"AggregateError [ECONNREFUSED]: \n    at internalConnectMultiple (node:net:1142:49)\n    at afterConnectMultiple (node:net:1723:7)","timestamp":"2026-04-20T17:41:48.849Z"}
{"code":"ECONNREFUSED","level":"error","message":"Redis connection error:","stack":"AggregateError [ECONNREFUSED]: \n    at internalConnectMultiple (node:net:1142:49)\n    at afterConnectMultiple (node:net:1723:7)","timestamp":"2026-04-20T17:41:50.858Z"}
{"code":"ECONNREFUSED","level":"error","message":"Redis connection error:","stack":"AggregateError [ECONNREFUSED]: \n    at internalConnectMultiple (node:net:1142:49)\n    at afterConnectMultiple (node:net:1723:7)","timestamp":"2026-04-20T17:41:52.866Z"}
{"code":"ECONNREFUSED","level":"error","message":"Redis connection error:","stack":"AggregateError [ECONNREFUSED]: \n    at internalConnectMultiple (node:net:1142:49)\n    at afterConnectMultiple (node:net:1723:7)","timestamp":"2026-04-20T17:41:54.876Z"}
{"code":"ECONNREFUSED","level":"error","message":"Redis connection error:","stack":"AggregateError [ECONNREFUSED]: \n    at internalConnectMultiple (node:net:1142:49)\n    at afterConnectMultiple (node:net:1723:7)","timestamp":"2026-04-20T17:41:56.888Z"}
{"code":"ECONNREFUSED","level":"error","message":"Redis connection error:","stack":"AggregateError [ECONNREFUSED]: \n    at internalConnectMultiple (node:net:1142:49)\n    at afterConnectMultiple (node:net:1723:7)","timestamp":"2026-04-20T17:41:58.902Z"}
{"code":"ECONNREFUSED","level":"error","message":"Redis connection error:","stack":"AggregateError [ECONNREFUSED]: \n    at internalConnectMultiple (node:net:1142:49)\n    at afterConnectMultiple (node:net:1723:7)","timestamp":"2026-04-20T17:42:00.917Z"}
{"code":"ECONNREFUSED","level":"error","message":"Redis connection error:","stack":"AggregateError [ECONNREFUSED]: \n    at internalConnectMultiple (node:net:1142:49)\n    at afterConnectMultiple (node:net:1723:7)","timestamp":"2026-04-20T17:42:02.932Z"}
{"code":"ECONNREFUSED","level":"error","message":"Redis connection error:","stack":"AggregateError [ECONNREFUSED]: \n    at internalConnectMultiple (node:net:1142:49)\n    at afterConnectMultiple (node:net:1723:7)","timestamp":"2026-04-20T17:42:04.952Z"}
{"code":"ECONNREFUSED","level":"error","message":"Redis connection error:","stack":"AggregateError [ECONNREFUSED]: \n    at internalConnectMultiple (node:net:1142:49)\n    at afterConnectMultiple (node:net:1723:7)","timestamp":"2026-04-20T17:42:06.964Z"}
{"code":"ECONNREFUSED","level":"error","message":"Redis connection error:","stack":"AggregateError [ECONNREFUSED]: \n    at internalConnectMultiple (node:net:1142:49)\n    at afterConnectMultiple (node:net:1723:7)","timestamp":"2026-04-20T17:42:08.981Z"}
{"code":"ECONNREFUSED","level":"error","message":"Redis connection error:","stack":"AggregateError [ECONNREFUSED]: \n    at internalConnectMultiple (node:net:1142:49)\n    at afterConnectMultiple (node:net:1723:7)","timestamp":"2026-04-20T17:42:10.999Z"}
{"code":"ECONNREFUSED","level":"error","message":"Redis connection error:","stack":"AggregateError [ECONNREFUSED]: \n    at internalConnectMultiple (node:net:1142:49)\n    at afterConnectMultiple (node:net:1723:7)","timestamp":"2026-04-20T17:42:13.019Z"}
{"code":"ECONNREFUSED","level":"error","message":"Redis connection error:","stack":"AggregateError [ECONNREFUSED]: \n    at internalConnectMultiple (node:net:1142:49)\n    at afterConnectMultiple (node:net:1723:7)","timestamp":"2026-04-20T17:42:15.026Z"}
{"code":"ECONNREFUSED","level":"error","message":"Redis connection error:","stack":"AggregateError [ECONNREFUSED]: \n    at internalConnectMultiple (node:net:1142:49)\n    at afterConnectMultiple (node:net:1723:7)","timestamp":"2026-04-20T17:42:17.035Z"}
{"code":"ECONNREFUSED","level":"error","message":"Redis connection error:","stack":"AggregateError [ECONNREFUSED]: \n    at internalConnectMultiple (node:net:1142:49)\n    at afterConnectMultiple (node:net:1723:7)","timestamp":"2026-04-20T17:42:19.046Z"}
{"code":"ECONNREFUSED","level":"error","message":"Redis connection error:","stack":"AggregateError [ECONNREFUSED]: \n    at internalConnectMultiple (node:net:1142:49)\n    at afterConnectMultiple (node:net:1723:7)","timestamp":"2026-04-20T17:42:21.065Z"}
{"code":"ECONNREFUSED","level":"error","message":"Redis connection error:","stack":"AggregateError [ECONNREFUSED]: \n    at internalConnectMultiple (node:net:1142:49)\n    at afterConnectMultiple (node:net:1723:7)","timestamp":"2026-04-20T17:42:23.073Z"}
{"code":"ECONNREFUSED","level":"error","message":"Redis connection error:","stack":"AggregateError [ECONNREFUSED]: \n    at internalConnectMultiple (node:net:1142:49)\n    at afterConnectMultiple (node:net:1723:7)","timestamp":"2026-04-20T17:42:25.081Z"}
{"code":"ECONNREFUSED","level":"error","message":"Redis connection error:","stack":"AggregateError [ECONNREFUSED]: \n    at internalConnectMultiple (node:net:1142:49)\n    at afterConnectMultiple (node:net:1723:7)","timestamp":"2026-04-20T17:42:27.100Z"}
{"code":"ECONNREFUSED","level":"error","message":"Redis connection error:","stack":"AggregateError [ECONNREFUSED]: \n    at internalConnectMultiple (node:net:1142:49)\n    at afterConnectMultiple (node:net:1723:7)","timestamp":"2026-04-20T17:42:29.107Z"}
{"code":"ECONNREFUSED","level":"error","message":"Redis connection error:","stack":"AggregateError [ECONNREFUSED]: \n    at internalConnectMultiple (node:net:1142:49)\n    at afterConnectMultiple (node:net:1723:7)","timestamp":"2026-04-20T17:42:31.116Z"}
{"code":"ECONNREFUSED","level":"error","message":"Redis connection error:","stack":"AggregateError [ECONNREFUSED]: \n    at internalConnectMultiple (node:net:1142:49)\n    at afterConnectMultiple (node:net:1723:7)","timestamp":"2026-04-20T17:42:33.127Z"}
{"code":"ECONNREFUSED","level":"error","message":"Redis connection error:","stack":"AggregateError [ECONNREFUSED]: \n    at internalConnectMultiple (node:net:1142:49)\n    at afterConnectMultiple (node:net:1723:7)","timestamp":"2026-04-20T17:42:35.136Z"}
{"code":"ECONNREFUSED","level":"error","message":"Redis connection error:","stack":"AggregateError [ECONNREFUSED]: \n    at internalConnectMultiple (node:net:1142:49)\n    at afterConnectMultiple (node:net:1723:7)","timestamp":"2026-04-20T17:42:37.153Z"}
{"code":"ECONNREFUSED","level":"error","message":"Redis connection error:","stack":"AggregateError [ECONNREFUSED]: \n    at internalConnectMultiple (node:net:1142:49)\n    at afterConnectMultiple (node:net:1723:7)","timestamp":"2026-04-20T17:42:39.164Z"}
{"code":"ECONNREFUSED","level":"error","message":"Redis connection error:","stack":"AggregateError [ECONNREFUSED]: \n    at internalConnectMultiple (node:net:1142:49)\n    at afterConnectMultiple (node:net:1723:7)","timestamp":"2026-04-20T17:42:41.173Z"}
{"code":"ECONNREFUSED","level":"error","message":"Redis connection error:","stack":"AggregateError [ECONNREFUSED]: \n    at internalConnectMultiple (node:net:1142:49)\n    at afterConnectMultiple (node:net:1723:7)","timestamp":"2026-04-20T17:42:43.188Z"}
{"code":"ECONNREFUSED","level":"error","message":"Redis connection error:","stack":"AggregateError [ECONNREFUSED]: \n    at internalConnectMultiple (node:net:1142:49)\n    at afterConnectMultiple (node:net:1723:7)","timestamp":"2026-04-20T17:42:45.196Z"}
{"level":"info","message":"Redis connected","timestamp":"2026-04-20T17:42:47.222Z"}
{"level":"info","message":"Redis connected","timestamp":"2026-04-20T17:44:51.578Z"}
{"level":"info","message":"🚀 Enterprise Server running on http://localhost:5001","timestamp":"2026-04-20T17:44:51.592Z"}
{"level":"info","message":"📡 API available at http://localhost:5001/api in development mode","timestamp":"2026-04-20T17:44:51.592Z"}
{"level":"info","message":"Redis connected","timestamp":"2026-04-20T18:02:24.504Z"}
{"level":"info","message":"🚀 Enterprise Server running on http://localhost:5001","timestamp":"2026-04-20T18:02:24.518Z"}
{"level":"info","message":"📡 API available at http://localhost:5001/api in development mode","timestamp":"2026-04-20T18:02:24.518Z"}
{"level":"info","message":"Redis connected","timestamp":"2026-04-20T18:02:27.782Z"}
{"level":"info","message":"🚀 Enterprise Server running on http://localhost:5001","timestamp":"2026-04-20T18:02:27.811Z"}
{"level":"info","message":"📡 API available at http://localhost:5001/api in development mode","timestamp":"2026-04-20T18:02:27.812Z"}
{"level":"info","message":"Redis connected","timestamp":"2026-04-20T18:02:29.296Z"}
{"level":"info","message":"🚀 Enterprise Server running on http://localhost:5001","timestamp":"2026-04-20T18:02:29.314Z"}
{"level":"info","message":"📡 API available at http://localhost:5001/api in development mode","timestamp":"2026-04-20T18:02:29.314Z"}
{"level":"info","message":"Redis connected","timestamp":"2026-04-20T18:02:31.964Z"}
{"level":"info","message":"🚀 Enterprise Server running on http://localhost:5001","timestamp":"2026-04-20T18:02:31.983Z"}
{"level":"info","message":"📡 API available at http://localhost:5001/api in development mode","timestamp":"2026-04-20T18:02:31.983Z"}
{"level":"info","message":"Redis connected","timestamp":"2026-04-20T18:05:28.117Z"}
{"level":"info","message":"🚀 Enterprise Server running on http://localhost:5001","timestamp":"2026-04-20T18:05:28.132Z"}
{"level":"info","message":"📡 API available at http://localhost:5001/api in development mode","timestamp":"2026-04-20T18:05:28.132Z"}
